<?xml version="1.0" encoding="UTF-8"?>
<!-- Generated by org.testng.reporters.JUnitReportReporter -->
<testsuite skipped="1" hostname="Me" name="TestCases.LoginTest" tests="1" failures="0" timestamp="19 Mar 2019 15:36:05 GMT" time="0.000" errors="0">
  <testcase name="CanLogin" time="0.000" classname="TestCases.LoginTest">
    <skipped/>
  </testcase> <!-- CanLogin -->
</testsuite> <!-- TestCases.LoginTest -->
