<?xml version="1.0" encoding="UTF-8"?>
<!-- Generated by org.testng.reporters.JUnitReportReporter -->
<testsuite skipped="0" hostname="Me" name="TestCases.LoginTest" tests="1" failures="0" timestamp="31 Mar 2019 08:05:47 GMT" time="46.739" errors="0">
  <testcase name="CanLogin" time="46.739" classname="TestCases.LoginTest"/>
</testsuite> <!-- TestCases.LoginTest -->
